<?xml version="1.0" encoding="UTF-8"?>
<!-- Generated by org.testng.reporters.JUnitXMLReporter -->
<testsuite hostname="xiezhilin" name="登录" tests="2" failures="1" timestamp="12 Mar 2019 14:35:55 GMT" time="5.041" errors="0">
  <testcase name="inittest" time="2.716" classname="com.xiezl.login.LoginPage">
    <failure type="java.lang.AssertionError" message="expected [true] but found [false]">
      <![CDATA[java.lang.AssertionError: expected [true] but found [false]
	at com.xiezl.assertion.Assertion.assertUrlPresent(Assertion.java:52)
	at com.xiezl.login.LoginPage.inittest(LoginPage.java:56)
... Removed 28 stack frames]]>
    </failure>
  </testcase> <!-- inittest -->
  <testcase name="NewCustomers" time="2.292" classname="com.xiezl.customers.CustomersPage"/>
</testsuite> <!-- 登录 -->
