<?xml version="1.0" encoding="UTF-8"?>
<!-- Generated by org.testng.reporters.JUnitXMLReporter -->
<testsuite hostname="xiezhilin" name="Default test" tests="6" failures="0" timestamp="12 Mar 2019 13:31:54 GMT" time="0.134" errors="0">
  <testcase name="@BeforeSuite setUp" time="0.0" classname="com.xiezl.login.LoginPage">
    <failure type="org.testng.TestNGException" message="
Parameter &amp;apos;browserType&amp;apos; is required by @Configuration on method setUp but has not been marked @Optional or defined
in C:\Users\Administrator\AppData\Local\Temp\testng-eclipse--822454877\testng-customsuite.xml">
      <![CDATA[org.testng.TestNGException: 
Parameter 'browserType' is required by @Configuration on method setUp but has not been marked @Optional or defined
in C:\Users\Administrator\AppData\Local\Temp\testng-eclipse--822454877\testng-customsuite.xml
	at org.testng.internal.Parameters.createParameters(Parameters.java:159)
	at org.testng.internal.Parameters.createParameters(Parameters.java:372)
	at org.testng.internal.Parameters.createConfigurationParameters(Parameters.java:90)
	at org.testng.internal.Invoker.invokeConfigurations(Invoker.java:199)
	at org.testng.internal.Invoker.invokeConfigurations(Invoker.java:140)
	at org.testng.SuiteRunner.privateRun(SuiteRunner.java:291)
	at org.testng.SuiteRunner.run(SuiteRunner.java:254)
	at org.testng.SuiteRunnerWorker.runSuite(SuiteRunnerWorker.java:52)
	at org.testng.SuiteRunnerWorker.run(SuiteRunnerWorker.java:86)
	at org.testng.TestNG.runSuitesSequentially(TestNG.java:1199)
	at org.testng.TestNG.runSuitesLocally(TestNG.java:1124)
	at org.testng.TestNG.run(TestNG.java:1032)
	at org.testng.remote.RemoteTestNG.run(RemoteTestNG.java:111)
	at org.testng.remote.RemoteTestNG.initAndRun(RemoteTestNG.java:204)
	at org.testng.remote.RemoteTestNG.main(RemoteTestNG.java:175)
]]>
    </failure>
  </testcase> <!-- @BeforeSuite setUp -->
  <testcase name="initcase" time="0.001" classname="com.xiezl.login.LoginPage">
    <skipped/>
  </testcase> <!-- initcase -->
  <testcase name="initcase" time="0.001" classname="com.xiezl.login.LoginPage">
    <skipped/>
  </testcase> <!-- initcase -->
  <testcase name="initcase" time="0.001" classname="com.xiezl.login.LoginPage">
    <skipped/>
  </testcase> <!-- initcase -->
  <testcase name="initcase" time="0.001" classname="com.xiezl.login.LoginPage">
    <skipped/>
  </testcase> <!-- initcase -->
  <testcase name="initcase" time="0.0" classname="com.xiezl.login.LoginPage">
    <skipped/>
  </testcase> <!-- initcase -->
  <testcase name="inittest" time="0.0" classname="com.xiezl.login.LoginPage">
    <skipped/>
  </testcase> <!-- inittest -->
</testsuite> <!-- Default test -->
