<?xml version="1.0" encoding="UTF-8" ?>
<testsuite tests="2" failures="1" name="TestSuite" time="11.548" errors="0" skipped="0">
  <properties>
[...]
</properties>
  <testcase classname="com.xiezl.login.LoginPage" name="inittest" time="5.741"/>
  <testcase classname="com.xiezl.customers.CustomersPage" name="NewCustomers" time="0.837">
    <failure message="element not interactable
  (Session info: chrome=72.0.3626.121)
  (Driver info: chromedriver=72.0.3626.7 (efcef9a3ecda02b2132af215116a03852d08b9cb),platform=Windows NT 6.1.7601 SP1 x86_64) (WARNING: The server did not provide any stacktrace information)
Command duration or timeout: 0 milliseconds
Build info: version: &apos;3.5.1&apos;, revision: &apos;9c21bb67ef&apos;, time: &apos;2017-08-17T15:26:08.955Z&apos;
System info: host: &apos;XIEZHILIN&apos;, ip: &apos;192.168.1.103&apos;, os.name: &apos;Windows 7&apos;, os.arch: &apos;amd64&apos;, os.version: &apos;6.1&apos;, java.version: &apos;1.8.0_162&apos;
Driver info: org.openqa.selenium.chrome.ChromeDriver
Capabilities [{mobileEmulationEnabled=false, timeouts={implicit=0.0, pageLoad=300000.0, script=30000.0}, hasTouchScreen=false, platform=XP, acceptSslCerts=false, goog:chromeOptions={debuggerAddress=localhost:56190}, acceptInsecureCerts=false, webStorageEnabled=true, browserName=chrome, takesScreenshot=true, javascriptEnabled=true, setWindowRect=true, unexpectedAlertBehaviour=ignore, applicationCacheEnabled=false, rotatable=false, networkConnectionEnabled=false, chrome={chromedriverVersion=72.0.3626.7 (efcef9a3ecda02b2132af215116a03852d08b9cb), userDataDir=C:\Users\ADMINI~1\AppData\Local\Temp\scoped_dir6984_5723}, takesHeapSnapshot=true, pageLoadStrategy=normal, unhandledPromptBehavior=ignore, databaseEnabled=false, handlesAlerts=true, version=72.0.3626.121, browserConnectionEnabled=false, proxy=Proxy(), nativeEvents=true, locationContextEnabled=true, cssSelectorsEnabled=true}]
Session ID: 3fbbbcad5cd6411fc84287cf2b1b9e1e" type="org.openqa.selenium.ElementNotVisibleException">org.openqa.selenium.ElementNotVisibleException: element not interactable
  (Session info: chrome=72.0.3626.121)
  (Driver info: chromedriver=72.0.3626.7 (efcef9a3ecda02b2132af215116a03852d08b9cb),platform=Windows NT 6.1.7601 SP1 x86_64) (WARNING: The server did not provide any stacktrace information)
Command duration or timeout: 0 milliseconds
Build info: version: &apos;3.5.1&apos;, revision: &apos;9c21bb67ef&apos;, time: &apos;2017-08-17T15:26:08.955Z&apos;
System info: host: &apos;XIEZHILIN&apos;, ip: &apos;192.168.1.103&apos;, os.name: &apos;Windows 7&apos;, os.arch: &apos;amd64&apos;, os.version: &apos;6.1&apos;, java.version: &apos;1.8.0_162&apos;
Driver info: org.openqa.selenium.chrome.ChromeDriver
Capabilities [{mobileEmulationEnabled=false, timeouts={implicit=0.0, pageLoad=300000.0, script=30000.0}, hasTouchScreen=false, platform=XP, acceptSslCerts=false, goog:chromeOptions={debuggerAddress=localhost:56190}, acceptInsecureCerts=false, webStorageEnabled=true, browserName=chrome, takesScreenshot=true, javascriptEnabled=true, setWindowRect=true, unexpectedAlertBehaviour=ignore, applicationCacheEnabled=false, rotatable=false, networkConnectionEnabled=false, chrome={chromedriverVersion=72.0.3626.7 (efcef9a3ecda02b2132af215116a03852d08b9cb), userDataDir=C:\Users\ADMINI~1\AppData\Local\Temp\scoped_dir6984_5723}, takesHeapSnapshot=true, pageLoadStrategy=normal, unhandledPromptBehavior=ignore, databaseEnabled=false, handlesAlerts=true, version=72.0.3626.121, browserConnectionEnabled=false, proxy=Proxy(), nativeEvents=true, locationContextEnabled=true, cssSelectorsEnabled=true}]
Session ID: 3fbbbcad5cd6411fc84287cf2b1b9e1e
	at sun.reflect.NativeConstructorAccessorImpl.newInstance0(Native Method)
	at sun.reflect.NativeConstructorAccessorImpl.newInstance(NativeConstructorAccessorImpl.java:62)
	at sun.reflect.DelegatingConstructorAccessorImpl.newInstance(DelegatingConstructorAccessorImpl.java:45)
	at java.lang.reflect.Constructor.newInstance(Constructor.java:423)
	at org.openqa.selenium.remote.ErrorHandler.createThrowable(ErrorHandler.java:215)
	at org.openqa.selenium.remote.ErrorHandler.throwIfResponseFailed(ErrorHandler.java:167)
	at org.openqa.selenium.remote.http.JsonHttpResponseCodec.reconstructValue(JsonHttpResponseCodec.java:40)
	at org.openqa.selenium.remote.http.AbstractHttpResponseCodec.decode(AbstractHttpResponseCodec.java:82)
	at org.openqa.selenium.remote.http.AbstractHttpResponseCodec.decode(AbstractHttpResponseCodec.java:45)
	at org.openqa.selenium.remote.HttpCommandExecutor.execute(HttpCommandExecutor.java:164)
	at org.openqa.selenium.remote.service.DriverCommandExecutor.execute(DriverCommandExecutor.java:82)
	at org.openqa.selenium.remote.RemoteWebDriver.execute(RemoteWebDriver.java:641)
	at org.openqa.selenium.remote.RemoteWebElement.execute(RemoteWebElement.java:275)
	at org.openqa.selenium.remote.RemoteWebElement.sendKeys(RemoteWebElement.java:99)
	at com.xiezl.Base.sendKeys(Base.java:219)
	at com.xiezl.customers.CustomersPage.NewCustomers(CustomersPage.java:17)
</failure>
    <system-out>[INFO] 2019-03-19 17:25:57 method: com.xiezl.Base.getElement(Base.java:146)----获取元素：{&apos;by&apos;,&apos;xpath&apos;},{&apos;value&apos;,&apos;//*[@id=&apos;sidebar&apos;]/nav/ul/li[7]/a/span&apos;}【成功】
[INFO] 2019-03-19 17:25:57 method: com.xiezl.Base.click(Base.java:237)----触发点击事件
[INFO] 2019-03-19 17:25:57 method: com.xiezl.Base.getElement(Base.java:146)----获取元素：{&apos;by&apos;,&apos;xpath&apos;},{&apos;value&apos;,&apos;//*[@id=&apos;sidebar&apos;]/nav/ul/li[7]/div/div/div[2]/a[2]&apos;}【成功】
[INFO] 2019-03-19 17:25:57 method: com.xiezl.Base.click(Base.java:237)----触发点击事件
[INFO] 2019-03-19 17:25:57 method: com.xiezl.Base.getElement(Base.java:146)----获取元素：{&apos;by&apos;,&apos;xpath&apos;},{&apos;value&apos;,&apos;//*[@id=&apos;main&apos;]/div[1]/div/div[1]/div[2]/a[2]&apos;}【成功】
[INFO] 2019-03-19 17:25:57 method: com.xiezl.Base.click(Base.java:237)----触发点击事件
[INFO] 2019-03-19 17:25:58 method: com.xiezl.Base.getElement(Base.java:146)----获取元素：{&apos;by&apos;,&apos;xpath&apos;},{&apos;value&apos;,&apos;//*[@id=&apos;main&apos;]/div[1]/div/div[8]/div/div/div[2]/form/div[1]/div/input&apos;}【成功】
[INFO] 2019-03-19 17:25:58 method: com.xiezl.Base.sendKeys(Base.java:218)----输入数据：【客户名称自动化2019-03-19_17:25:58】
</system-out>
  </testcase>
</testsuite>