<?xml version="1.0" encoding="UTF-8"?>
<testng-results skipped="0" failed="0" total="2" passed="2">
  <reporter-output>
  </reporter-output>
  <suite name="自动化测试" duration-ms="6121" started-at="2019-03-15T07:22:11Z" finished-at="2019-03-15T07:22:17Z">
    <groups>
    </groups>
    <test name="登录" duration-ms="5400" started-at="2019-03-15T07:22:11Z" finished-at="2019-03-15T07:22:16Z">
      <class name="com.xiezl.login.LoginPage">
        <test-method status="PASS" signature="inittest()[pri:0, instance:com.xiezl.login.LoginPage@5e853265]" name="inittest" duration-ms="5392" started-at="2019-03-15T15:22:11Z" finished-at="2019-03-15T15:22:16Z">
          <reporter-output>
          </reporter-output>
        </test-method> <!-- inittest -->
      </class> <!-- com.xiezl.login.LoginPage -->
    </test> <!-- 登录 -->
    <test name="客户" duration-ms="708" started-at="2019-03-15T07:22:16Z" finished-at="2019-03-15T07:22:17Z">
      <class name="com.xiezl.customers.CustomersPage">
        <test-method status="PASS" signature="setUp(java.lang.String, java.lang.String, java.lang.String)[pri:0, instance:com.xiezl.customers.CustomersPage@1786dec2]" name="setUp" is-config="true" duration-ms="2512" started-at="2019-03-15T15:22:08Z" finished-at="2019-03-15T15:22:11Z">
          <params>
            <param index="0">
              <value>
                <![CDATA[chrome]]>
              </value>
            </param>
            <param index="1">
              <value>
                <![CDATA[src/test/resources/driver/chromedriver.exe]]>
              </value>
            </param>
            <param index="2">
              <value>
                <![CDATA[3.X]]>
              </value>
            </param>
          </params>
          <reporter-output>
          </reporter-output>
        </test-method> <!-- setUp -->
        <test-method status="PASS" signature="NewCustomers()[pri:0, instance:com.xiezl.customers.CustomersPage@1786dec2]" name="NewCustomers" duration-ms="708" started-at="2019-03-15T15:22:16Z" finished-at="2019-03-15T15:22:17Z">
          <reporter-output>
          </reporter-output>
        </test-method> <!-- NewCustomers -->
        <test-method status="PASS" signature="tearDown()[pri:0, instance:com.xiezl.customers.CustomersPage@1786dec2]" name="tearDown" is-config="true" duration-ms="1601" started-at="2019-03-15T15:22:17Z" finished-at="2019-03-15T15:22:18Z">
          <reporter-output>
          </reporter-output>
        </test-method> <!-- tearDown -->
      </class> <!-- com.xiezl.customers.CustomersPage -->
    </test> <!-- 客户 -->
  </suite> <!-- 自动化测试 -->
</testng-results>
