<?xml version="1.0" encoding="UTF-8"?>
<!-- Generated by org.testng.reporters.JUnitXMLReporter -->
<testsuite hostname="xiezhilin" name="loginTest" tests="2" failures="2" timestamp="19 Mar 2019 08:32:27 GMT" time="3.957" errors="0">
  <testcase name="inittest" time="1.716" classname="com.xiezl.login.LoginPage">
    <failure type="java.lang.AssertionError" message="expected [true] but found [false]">
      <![CDATA[java.lang.AssertionError: expected [true] but found [false]
	at com.xiezl.assertion.Assertion.assertUrlPresent(Assertion.java:52)
	at com.xiezl.login.LoginPage.inittest(LoginPage.java:51)
... Removed 28 stack frames]]>
    </failure>
  </testcase> <!-- inittest -->
  <testcase name="inittest" time="2.234" classname="com.xiezl.login.LoginPage">
    <failure type="java.lang.NullPointerException">
      <![CDATA[java.lang.NullPointerException
	at com.xiezl.listener.TestListener.onTestFailure(TestListener.java:25)
... Removed 21 stack frames]]>
    </failure>
  </testcase> <!-- inittest -->
</testsuite> <!-- loginTest -->
