<?xml version="1.0" encoding="UTF-8"?>
<testng-results skipped="0" failed="0" total="1" passed="1">
  <reporter-output>
  </reporter-output>
  <suite name="自动化测试" duration-ms="4953" started-at="2019-03-15T06:46:00Z" finished-at="2019-03-15T06:46:05Z">
    <groups>
    </groups>
    <test name="登录" duration-ms="4953" started-at="2019-03-15T06:46:00Z" finished-at="2019-03-15T06:46:05Z">
      <class name="com.xiezl.login.LoginPage">
        <test-method status="PASS" signature="setUp(java.lang.String, java.lang.String, java.lang.String)[pri:0, instance:com.xiezl.login.LoginPage@13a5fe33]" name="setUp" is-config="true" duration-ms="2541" started-at="2019-03-15T14:45:57Z" finished-at="2019-03-15T14:46:00Z">
          <params>
            <param index="0">
              <value>
                <![CDATA[chrome]]>
              </value>
            </param>
            <param index="1">
              <value>
                <![CDATA[src/test/resources/driver/chromedriver.exe]]>
              </value>
            </param>
            <param index="2">
              <value>
                <![CDATA[3.X]]>
              </value>
            </param>
          </params>
          <reporter-output>
          </reporter-output>
        </test-method> <!-- setUp -->
        <test-method status="PASS" signature="inittest()[pri:0, instance:com.xiezl.login.LoginPage@13a5fe33]" name="inittest" duration-ms="4943" started-at="2019-03-15T14:46:00Z" finished-at="2019-03-15T14:46:05Z">
          <reporter-output>
          </reporter-output>
        </test-method> <!-- inittest -->
        <test-method status="PASS" signature="tearDown()[pri:0, instance:com.xiezl.login.LoginPage@13a5fe33]" name="tearDown" is-config="true" duration-ms="1575" started-at="2019-03-15T14:46:05Z" finished-at="2019-03-15T14:46:07Z">
          <reporter-output>
          </reporter-output>
        </test-method> <!-- tearDown -->
      </class> <!-- com.xiezl.login.LoginPage -->
    </test> <!-- 登录 -->
  </suite> <!-- 自动化测试 -->
</testng-results>
