<?xml version="1.0" encoding="UTF-8"?>
<testng-results skipped="0" failed="0" total="2" passed="2">
  <reporter-output>
  </reporter-output>
  <suite name="自动化测试" duration-ms="8387" started-at="2019-03-19T06:29:05Z" finished-at="2019-03-19T06:29:14Z">
    <groups>
    </groups>
    <test name="登录" duration-ms="5521" started-at="2019-03-19T06:29:05Z" finished-at="2019-03-19T06:29:11Z">
      <class name="com.xiezl.login.LoginPage">
        <test-method status="PASS" signature="inittest()[pri:0, instance:com.xiezl.login.LoginPage@13a5fe33]" name="inittest" duration-ms="5507" started-at="2019-03-19T14:29:05Z" finished-at="2019-03-19T14:29:11Z">
          <reporter-output>
          </reporter-output>
        </test-method> <!-- inittest -->
      </class> <!-- com.xiezl.login.LoginPage -->
    </test> <!-- 登录 -->
    <test name="客户" duration-ms="2844" started-at="2019-03-19T06:29:11Z" finished-at="2019-03-19T06:29:14Z">
      <class name="com.xiezl.customers.CustomersPage">
        <test-method status="PASS" signature="setUp(java.lang.String, java.lang.String, java.lang.String)[pri:0, instance:com.xiezl.customers.CustomersPage@23e028a9]" name="setUp" is-config="true" duration-ms="2550" started-at="2019-03-19T14:29:03Z" finished-at="2019-03-19T14:29:05Z">
          <params>
            <param index="0">
              <value>
                <![CDATA[chrome]]>
              </value>
            </param>
            <param index="1">
              <value>
                <![CDATA[src/test/resources/driver/chromedriver.exe]]>
              </value>
            </param>
            <param index="2">
              <value>
                <![CDATA[3.X]]>
              </value>
            </param>
          </params>
          <reporter-output>
          </reporter-output>
        </test-method> <!-- setUp -->
        <test-method status="PASS" signature="NewCustomers()[pri:0, instance:com.xiezl.customers.CustomersPage@23e028a9]" name="NewCustomers" duration-ms="2842" started-at="2019-03-19T14:29:11Z" finished-at="2019-03-19T14:29:14Z">
          <reporter-output>
          </reporter-output>
        </test-method> <!-- NewCustomers -->
        <test-method status="PASS" signature="tearDown()[pri:0, instance:com.xiezl.customers.CustomersPage@23e028a9]" name="tearDown" is-config="true" duration-ms="1610" started-at="2019-03-19T14:29:14Z" finished-at="2019-03-19T14:29:15Z">
          <reporter-output>
          </reporter-output>
        </test-method> <!-- tearDown -->
      </class> <!-- com.xiezl.customers.CustomersPage -->
    </test> <!-- 客户 -->
  </suite> <!-- 自动化测试 -->
</testng-results>
